<?xml version="1.0" encoding="utf-8"?><testsuites name="pytest tests"><testsuite name="pytest" errors="0" failures="0" skipped="0" tests="63" time="44.627" timestamp="2026-06-28T18:21:35.415288-07:00" hostname="timelock.local"><testcase classname="code.tests.test_active_inference_api" name="test_mean_field_dispatcher_updates_normalized_beliefs_and_policies" time="0.059" /><testcase classname="code.tests.test_active_inference_api" name="test_sampling_policy_proposal_handles_zero_vector" time="0.004" /><testcase classname="code.tests.test_active_inference_api" name="test_homeostatic_factory_creates_step_capable_model" time="0.414" /><testcase classname="code.tests.test_active_inference_api" name="test_active_inference_package_exports_public_api" time="0.000" /><testcase classname="code.tests.test_matrix_ops.TestMatrixOps" name="test_normalize_columns" time="0.001" /><testcase classname="code.tests.test_matrix_ops.TestMatrixOps" name="test_normalize_rows" time="0.000" /><testcase classname="code.tests.test_matrix_ops.TestMatrixOps" name="test_ensure_probability_distribution" time="0.001" /><testcase classname="code.tests.test_matrix_ops.TestMatrixOps" name="test_compute_entropy" time="0.000" /><testcase classname="code.tests.test_matrix_ops.TestMatrixOps" name="test_compute_kl_divergence" time="0.000" /><testcase classname="code.tests.test_matrix_ops.TestMatrixOps" name="test_softmax" time="0.000" /><testcase classname="code.tests.test_matrix_ops.TestMatrixLoader" name="test_load_spec" time="0.002" /><testcase classname="code.tests.test_matrix_ops.TestMatrixLoader" name="test_load_matrix" time="0.001" /><testcase classname="code.tests.test_matrix_ops.TestMatrixLoader" name="test_validate_matrix" time="0.000" /><testcase classname="code.tests.test_matrix_ops.TestMatrixInitializer" name="test_random_stochastic" time="0.001" /><testcase classname="code.tests.test_matrix_ops.TestMatrixInitializer" name="test_identity_based" time="0.000" /><testcase classname="code.tests.test_matrix_ops.TestMatrixInitializer" name="test_uniform" time="0.000" /><testcase classname="code.tests.test_matrix_ops" name="test_identity_based_parametrized[shape0-0.9]" time="0.000" /><testcase classname="code.tests.test_matrix_ops" name="test_identity_based_parametrized[shape1-0.8]" time="0.000" /><testcase classname="code.tests.test_matrix_ops" name="test_identity_based_parametrized[shape2-0.7]" time="0.000" /><testcase classname="code.tests.test_matrix_ops" name="test_entropy_special_cases[distribution0-0.0]" time="0.000" /><testcase classname="code.tests.test_matrix_ops" name="test_entropy_special_cases[distribution1-0.6931471805599453]" time="0.000" /><testcase classname="code.tests.test_simple_pomdp" name="test_initialization" time="0.002" /><testcase classname="code.tests.test_simple_pomdp" name="test_matrix_properties" time="0.001" /><testcase classname="code.tests.test_simple_pomdp" name="test_step_without_action" time="0.023" /><testcase classname="code.tests.test_simple_pomdp" name="test_step_with_action" time="0.001" /><testcase classname="code.tests.test_simple_pomdp" name="test_belief_updating" time="0.002" /><testcase classname="code.tests.test_simple_pomdp" name="test_action_selection" time="0.001" /><testcase classname="code.tests.test_simple_pomdp" name="test_expected_free_energy" time="0.001" /><testcase classname="code.tests.test_simple_pomdp" name="test_visualization[belief_evolution]" time="0.555" /><testcase classname="code.tests.test_simple_pomdp" name="test_visualization[free_energy_landscape]" time="2.695" /><testcase classname="code.tests.test_simple_pomdp" name="test_visualization[policy_evaluation]" time="1.637" /><testcase classname="code.tests.test_simple_pomdp" name="test_visualization[state_transitions]" time="1.098" /><testcase classname="code.tests.test_simple_pomdp" name="test_visualization[observation_likelihood]" time="0.740" /><testcase classname="code.tests.test_simple_pomdp" name="test_visualization[efe_components_detailed]" time="2.568" /><testcase classname="code.tests.test_simple_pomdp" name="test_invalid_plot_type" time="0.001" /><testcase classname="code.tests.test_simple_pomdp" name="test_simulation_run" time="0.002" /><testcase classname="code.tests.test_simple_pomdp" name="test_invalid_config" time="0.001" /><testcase classname="code.tests.test_simple_pomdp" name="test_matrix_validation" time="0.050" /><testcase classname="code.tests.test_simple_pomdp" name="test_model_state_persistence" time="0.002" /><testcase classname="code.tests.test_simple_pomdp" name="test_belief_convergence" time="0.032" /><testcase classname="code.tests.test_simple_pomdp" name="test_policy_preference" time="0.006" /><testcase classname="code.tests.test_simple_pomdp" name="test_temporal_consistency" time="0.003" /><testcase classname="code.tests.test_simple_pomdp" name="test_visualization_properties" time="6.684" /><testcase classname="code.tests.test_simple_pomdp" name="test_edge_cases" time="0.002" /><testcase classname="code.tests.test_simple_pomdp" name="test_learning_rate_sensitivity" time="0.002" /><testcase classname="code.tests.test_simple_pomdp" name="test_efe_visualization" time="2.743" /><testcase classname="code.tests.test_visualization.TestMatrixPlotter" name="test_plot_heatmap" time="0.409" /><testcase classname="code.tests.test_visualization.TestMatrixPlotter" name="test_plot_multi_heatmap" time="1.001" /><testcase classname="code.tests.test_visualization.TestMatrixPlotter" name="test_plot_bar" time="0.364" /><testcase classname="code.tests.test_visualization.TestStateSpacePlotter" name="test_plot_belief_evolution" time="0.193" /><testcase classname="code.tests.test_visualization.TestStateSpacePlotter" name="test_plot_free_energy_landscape" time="0.525" /><testcase classname="code.tests.test_visualization.TestStateSpacePlotter" name="test_plot_policy_evaluation" time="0.285" /><testcase classname="code.tests.test_visualization.TestNetworkPlotter" name="test_plot_belief_network" time="0.310" /><testcase classname="code.tests.test_visualization" name="test_heatmap_shapes[matrix_shape0-2]" time="0.347" /><testcase classname="code.tests.test_visualization" name="test_heatmap_shapes[matrix_shape1-2]" time="0.269" /><testcase classname="code.tests.test_visualization" name="test_heatmap_shapes[matrix_shape2-2]" time="0.950" /><testcase classname="code.tests.visualization.test_continuous_generic.TestBasicVisualization" name="test_belief_evolution" time="1.014" /><testcase classname="code.tests.visualization.test_continuous_generic.TestPhaseSpaceVisualization" name="test_phase_space_plots" time="1.345" /><testcase classname="code.tests.visualization.test_continuous_generic.TestEnergyVisualization" name="test_energy_plots" time="0.924" /><testcase classname="code.tests.visualization.test_continuous_generic.TestGeneralizedCoordinates" name="test_coordinate_relationships" time="0.919" /><testcase classname="code.tests.visualization.test_continuous_generic.TestFreeEnergyLandscape" name="test_free_energy_landscape" time="0.832" /><testcase classname="code.tests.visualization.test_continuous_generic.TestActionVisualization" name="test_action_plots" time="0.735" /><testcase classname="code.tests.visualization.test_continuous_generic.TestSummaryVisualization" name="test_summary_plots" time="4.480" /></testsuite></testsuites>