<?xml version="1.0" encoding="utf-8"?><testsuites name="pytest tests"><testsuite name="pytest" errors="0" failures="0" skipped="0" tests="70" time="59.467" timestamp="2026-06-28T18:37:02.904083-07:00" hostname="timelock.local"><testcase classname="code.tests.test_active_inference_api" name="test_mean_field_dispatcher_updates_normalized_beliefs_and_policies" time="0.329" /><testcase classname="code.tests.test_active_inference_api" name="test_sampling_policy_proposal_handles_zero_vector" time="0.001" /><testcase classname="code.tests.test_active_inference_api" name="test_homeostatic_factory_creates_step_capable_model" time="0.070" /><testcase classname="code.tests.test_active_inference_api" name="test_active_inference_package_exports_public_api" time="0.001" /><testcase classname="code.tests.test_matrix_ops.TestMatrixOps" name="test_normalize_columns" time="0.001" /><testcase classname="code.tests.test_matrix_ops.TestMatrixOps" name="test_normalize_rows" time="0.000" /><testcase classname="code.tests.test_matrix_ops.TestMatrixOps" name="test_ensure_probability_distribution" time="0.001" /><testcase classname="code.tests.test_matrix_ops.TestMatrixOps" name="test_compute_entropy" time="0.000" /><testcase classname="code.tests.test_matrix_ops.TestMatrixOps" name="test_compute_kl_divergence" time="0.000" /><testcase classname="code.tests.test_matrix_ops.TestMatrixOps" name="test_softmax" time="0.000" /><testcase classname="code.tests.test_matrix_ops.TestMatrixLoader" name="test_load_spec" time="0.001" /><testcase classname="code.tests.test_matrix_ops.TestMatrixLoader" name="test_load_matrix" time="0.002" /><testcase classname="code.tests.test_matrix_ops.TestMatrixLoader" name="test_validate_matrix" time="0.001" /><testcase classname="code.tests.test_matrix_ops.TestMatrixInitializer" name="test_random_stochastic" time="0.001" /><testcase classname="code.tests.test_matrix_ops.TestMatrixInitializer" name="test_identity_based" time="0.001" /><testcase classname="code.tests.test_matrix_ops.TestMatrixInitializer" name="test_uniform" time="0.000" /><testcase classname="code.tests.test_matrix_ops" name="test_identity_based_parametrized[shape0-0.9]" time="0.000" /><testcase classname="code.tests.test_matrix_ops" name="test_identity_based_parametrized[shape1-0.8]" time="0.000" /><testcase classname="code.tests.test_matrix_ops" name="test_identity_based_parametrized[shape2-0.7]" time="0.000" /><testcase classname="code.tests.test_matrix_ops" name="test_entropy_special_cases[distribution0-0.0]" time="0.000" /><testcase classname="code.tests.test_matrix_ops" name="test_entropy_special_cases[distribution1-0.6931471805599453]" time="0.191" /><testcase classname="code.tests.test_simple_pomdp" name="test_initialization" time="0.003" /><testcase classname="code.tests.test_simple_pomdp" name="test_matrix_properties" time="0.002" /><testcase classname="code.tests.test_simple_pomdp" name="test_step_without_action" time="0.003" /><testcase classname="code.tests.test_simple_pomdp" name="test_step_with_action" time="0.002" /><testcase classname="code.tests.test_simple_pomdp" name="test_belief_updating" time="0.002" /><testcase classname="code.tests.test_simple_pomdp" name="test_action_selection" time="0.002" /><testcase classname="code.tests.test_simple_pomdp" name="test_expected_free_energy" time="0.001" /><testcase classname="code.tests.test_simple_pomdp" name="test_visualization[belief_evolution]" time="0.633" /><testcase classname="code.tests.test_simple_pomdp" name="test_visualization[free_energy_landscape]" time="3.350" /><testcase classname="code.tests.test_simple_pomdp" name="test_visualization[policy_evaluation]" time="1.536" /><testcase classname="code.tests.test_simple_pomdp" name="test_visualization[state_transitions]" time="1.697" /><testcase classname="code.tests.test_simple_pomdp" name="test_visualization[observation_likelihood]" time="1.170" /><testcase classname="code.tests.test_simple_pomdp" name="test_visualization[efe_components_detailed]" time="3.547" /><testcase classname="code.tests.test_simple_pomdp" name="test_invalid_plot_type" time="0.002" /><testcase classname="code.tests.test_simple_pomdp" name="test_simulation_run" time="0.003" /><testcase classname="code.tests.test_simple_pomdp" name="test_invalid_config" time="0.002" /><testcase classname="code.tests.test_simple_pomdp" name="test_matrix_validation" time="0.335" /><testcase classname="code.tests.test_simple_pomdp" name="test_model_state_persistence" time="0.111" /><testcase classname="code.tests.test_simple_pomdp" name="test_belief_convergence" time="0.012" /><testcase classname="code.tests.test_simple_pomdp" name="test_policy_preference" time="0.011" /><testcase classname="code.tests.test_simple_pomdp" name="test_temporal_consistency" time="0.008" /><testcase classname="code.tests.test_simple_pomdp" name="test_visualization_properties" time="8.554" /><testcase classname="code.tests.test_simple_pomdp" name="test_edge_cases" time="0.002" /><testcase classname="code.tests.test_simple_pomdp" name="test_learning_rate_sensitivity" time="0.001" /><testcase classname="code.tests.test_simple_pomdp" name="test_efe_visualization" time="3.136" /><testcase classname="code.tests.test_verify_links" name="test_extensionless_wiki_links_can_be_intentional_concepts" time="0.002" /><testcase classname="code.tests.test_verify_links" name="test_existing_wiki_targets_resolve_by_path_directory_and_alias" time="0.012" /><testcase classname="code.tests.test_verify_links" name="test_missing_explicit_markdown_file_is_broken" time="0.078" /><testcase classname="code.tests.test_verify_links" name="test_missing_explicit_non_markdown_file_is_broken" time="0.003" /><testcase classname="code.tests.test_verify_links" name="test_generated_output_directories_are_not_scanned" time="0.002" /><testcase classname="code.tests.test_verify_links" name="test_strict_wiki_mode_reports_unresolved_concepts" time="0.001" /><testcase classname="code.tests.test_verify_links" name="test_cli_defaults_to_concept_aware_validation" time="0.002" /><testcase classname="code.tests.test_visualization.TestMatrixPlotter" name="test_plot_heatmap" time="0.680" /><testcase classname="code.tests.test_visualization.TestMatrixPlotter" name="test_plot_multi_heatmap" time="1.732" /><testcase classname="code.tests.test_visualization.TestMatrixPlotter" name="test_plot_bar" time="0.496" /><testcase classname="code.tests.test_visualization.TestStateSpacePlotter" name="test_plot_belief_evolution" time="0.348" /><testcase classname="code.tests.test_visualization.TestStateSpacePlotter" name="test_plot_free_energy_landscape" time="0.735" /><testcase classname="code.tests.test_visualization.TestStateSpacePlotter" name="test_plot_policy_evaluation" time="0.393" /><testcase classname="code.tests.test_visualization.TestNetworkPlotter" name="test_plot_belief_network" time="0.519" /><testcase classname="code.tests.test_visualization" name="test_heatmap_shapes[matrix_shape0-2]" time="0.529" /><testcase classname="code.tests.test_visualization" name="test_heatmap_shapes[matrix_shape1-2]" time="0.444" /><testcase classname="code.tests.test_visualization" name="test_heatmap_shapes[matrix_shape2-2]" time="1.187" /><testcase classname="code.tests.visualization.test_continuous_generic.TestBasicVisualization" name="test_belief_evolution" time="1.480" /><testcase classname="code.tests.visualization.test_continuous_generic.TestPhaseSpaceVisualization" name="test_phase_space_plots" time="1.922" /><testcase classname="code.tests.visualization.test_continuous_generic.TestEnergyVisualization" name="test_energy_plots" time="1.314" /><testcase classname="code.tests.visualization.test_continuous_generic.TestGeneralizedCoordinates" name="test_coordinate_relationships" time="1.194" /><testcase classname="code.tests.visualization.test_continuous_generic.TestFreeEnergyLandscape" name="test_free_energy_landscape" time="1.248" /><testcase classname="code.tests.visualization.test_continuous_generic.TestActionVisualization" name="test_action_plots" time="1.117" /><testcase classname="code.tests.visualization.test_continuous_generic.TestSummaryVisualization" name="test_summary_plots" time="7.084" /></testsuite></testsuites>